<?xml version="1.0" encoding="UTF-8" standalone="no"?>
<testsuite errors="0" failures="3" name="io.cucumber.core.plugin.JUnitFormatter" skipped="0" tests="5" time="48.478">
    <testcase classname="feature to test goolge search functionality" name="Validate google search is working" time="2.757">
        <failure message="The scenario has pending or undefined step(s)" type="java.lang.Exception"><![CDATA[Given browser is open.......................................................passed
And user is on google search page...........................................undefined
When user enters a text in search box.......................................skipped
And hits enter..............................................................skipped
Then user is navigated to search result.....................................skipped
]]></failure>
    </testcase>
    <testcase classname="Test login functionality" name="Check login is successful with valid credentials" time="22.722">
        <system-out><![CDATA[Given browser is open.......................................................passed
And user is on login page...................................................passed
When user enters Misael and 12345...........................................passed
And user clicks on login....................................................passed
Then user is navigated to the home page.....................................passed
]]></system-out>
    </testcase>
    <testcase classname="Test login functionality" name="Check login is successful with valid credentials 2" time="22.718">
        <system-out><![CDATA[Given browser is open.......................................................passed
And user is on login page...................................................passed
When user enters Platano and 12345..........................................passed
And user clicks on login....................................................passed
Then user is navigated to the home page.....................................passed
]]></system-out>
    </testcase>
    <testcase classname="feature to test login functionality" name="scenario: Check login successful with valid credentials" time="0.001">
        <failure message="Cannot invoke &quot;org.openqa.selenium.WebDriver.navigate()&quot; because &quot;this.driver&quot; is null" type="java.lang.NullPointerException"><![CDATA[Given user is on login page.................................................failed
When user enters username and password......................................skipped
And clicks on login button..................................................skipped
Then user is navigate o Home page...........................................skipped

StackTrace:
java.lang.NullPointerException: Cannot invoke "org.openqa.selenium.WebDriver.navigate()" because "this.driver" is null
	at StepDefinitions.LoginDemo_POM.user_is_on_login_page(LoginDemo_POM.java:43)
	at âœ½.user is on login page(file:///C:/Users/HP/IdeaProjects/Cucumber_Selenio/src/main/resources/Features/demo.feature:10)
]]></failure>
    </testcase>
    <testcase classname="feature to test login functionality" name="platanos en la estufa" time="0.001">
        <failure message="The scenario has pending or undefined step(s)" type="java.lang.Exception"><![CDATA[Given comprar platanos......................................................undefined
When pelar los platanos.....................................................skipped
And cortar los platanos.....................................................skipped
Then Prender la estufa......................................................skipped
]]></failure>
    </testcase>
</testsuite>
